<?xml version="1.0" encoding="UTF-8"?>
<testng-results ignored="0" total="1" passed="1" failed="0" skipped="0">
  <reporter-output>
  </reporter-output>
  <suite started-at="2025-09-18T11:53:53 IST" name="Default suite" finished-at="2025-09-18T11:54:06 IST" duration-ms="13179">
    <groups>
      <group name="cucumber">
        <method signature="AbstractTestNGCucumberTests.runScenario(io.cucumber.testng.PickleWrapper,io.cucumber.testng.FeatureWrapper)[pri:0, instance:com.salesforce.testcases.TC_01@45d84a20]" name="runScenario" class="io.cucumber.testng.AbstractTestNGCucumberTests"/>
      </group> <!-- cucumber -->
    </groups>
    <test started-at="2025-09-18T11:53:53 IST" name="Default test" finished-at="2025-09-18T11:54:06 IST" duration-ms="13179">
      <class name="com.salesforce.testcases.TC_01">
        <test-method is-config="true" signature="startReport()[pri:0, instance:com.salesforce.testcases.TC_01@45d84a20]" started-at="2025-09-18T11:53:52 IST" name="startReport" finished-at="2025-09-18T11:53:53 IST" duration-ms="295" status="PASS">
          <reporter-output>
          </reporter-output>
        </test-method> <!-- startReport -->
        <test-method is-config="true" signature="setValues()[pri:0, instance:com.salesforce.testcases.TC_01@45d84a20]" started-at="2025-09-18T11:53:53 IST" name="setValues" finished-at="2025-09-18T11:53:53 IST" duration-ms="0" status="PASS">
          <reporter-output>
          </reporter-output>
        </test-method> <!-- setValues -->
        <test-method is-config="true" signature="setUpClass(org.testng.ITestContext)[pri:0, instance:com.salesforce.testcases.TC_01@45d84a20]" started-at="2025-09-18T11:53:53 IST" name="setUpClass" finished-at="2025-09-18T11:53:53 IST" duration-ms="190" status="PASS">
          <params>
            <param index="0">
              <value>
                <![CDATA[org.testng.TestRunner@4e22368c]]>
              </value>
            </param>
          </params>
          <reporter-output>
          </reporter-output>
        </test-method> <!-- setUpClass -->
        <test-method is-config="true" signature="startTestCase()[pri:0, instance:com.salesforce.testcases.TC_01@45d84a20]" started-at="2025-09-18T11:53:53 IST" name="startTestCase" finished-at="2025-09-18T11:53:53 IST" duration-ms="4" status="PASS">
          <reporter-output>
          </reporter-output>
        </test-method> <!-- startTestCase -->
        <test-method is-config="true" signature="preCondition()[pri:0, instance:com.salesforce.testcases.TC_01@45d84a20]" started-at="2025-09-18T11:53:54 IST" name="preCondition" finished-at="2025-09-18T11:53:59 IST" duration-ms="4878" status="PASS">
          <reporter-output>
          </reporter-output>
        </test-method> <!-- preCondition -->
        <test-method signature="runLogin(java.lang.String,java.lang.String)[pri:0, instance:com.salesforce.testcases.TC_01@45d84a20]" started-at="2025-09-18T11:53:59 IST" name="runLogin" data-provider="fetchData" finished-at="2025-09-18T11:54:05 IST" duration-ms="6916" status="PASS">
          <params>
            <param index="0">
              <value>
                <![CDATA[vidyar@testleaf.com]]>
              </value>
            </param>
            <param index="1">
              <value>
                <![CDATA[Sales@123]]>
              </value>
            </param>
          </params>
          <reporter-output>
          </reporter-output>
        </test-method> <!-- runLogin -->
        <test-method is-config="true" signature="postCondition()[pri:0, instance:com.salesforce.testcases.TC_01@45d84a20]" started-at="2025-09-18T11:54:05 IST" name="postCondition" finished-at="2025-09-18T11:54:06 IST" duration-ms="411" status="PASS">
          <reporter-output>
          </reporter-output>
        </test-method> <!-- postCondition -->
        <test-method is-config="true" signature="tearDownClass()[pri:0, instance:com.salesforce.testcases.TC_01@45d84a20]" started-at="2025-09-18T11:54:06 IST" name="tearDownClass" finished-at="2025-09-18T11:54:06 IST" duration-ms="21" status="PASS">
          <reporter-output>
          </reporter-output>
        </test-method> <!-- tearDownClass -->
        <test-method is-config="true" signature="endResult()[pri:0, instance:com.salesforce.testcases.TC_01@45d84a20]" started-at="2025-09-18T11:54:06 IST" name="endResult" finished-at="2025-09-18T11:54:07 IST" duration-ms="708" status="PASS">
          <reporter-output>
          </reporter-output>
        </test-method> <!-- endResult -->
      </class> <!-- com.salesforce.testcases.TC_01 -->
    </test> <!-- Default test -->
  </suite> <!-- Default suite -->
</testng-results>
